\BOOKMARK [1][-]{section.1}{Introduction}{}% 1
\BOOKMARK [1][-]{section.2}{Taxation and the State}{}% 2
\BOOKMARK [2][-]{subsection.2.1}{Development of State Capacity}{section.2}% 3
\BOOKMARK [2][-]{subsection.2.2}{Elites and Distributional Conflicts}{section.2}% 4
\BOOKMARK [1][-]{section.3}{Historical Context of the United States}{}% 5
\BOOKMARK [2][-]{subsection.3.1}{A Brief Explanation of the Dynamics of US Tax Adoption}{section.3}% 6
\BOOKMARK [2][-]{subsection.3.2}{Federal Adoption of Taxes}{section.3}% 7
\BOOKMARK [2][-]{subsection.3.3}{Fall of Agriculture and Rise of Corporations}{section.3}% 8
\BOOKMARK [2][-]{subsection.3.4}{Progressive Socio-Economic Change}{section.3}% 9
\BOOKMARK [2][-]{subsection.3.5}{The Great Depression}{section.3}% 10
\BOOKMARK [2][-]{subsection.3.6}{Expansion of Taxation In the Later Years}{section.3}% 11
\BOOKMARK [1][-]{section.4}{Hypotheses}{}% 12
\BOOKMARK [1][-]{section.5}{Data and the Model}{}% 13
\BOOKMARK [2][-]{subsection.5.1}{The Model}{section.5}% 14
\BOOKMARK [2][-]{subsection.5.2}{Right Hand Side Variables}{section.5}% 15
\BOOKMARK [1][-]{section.6}{Analysis}{}% 16
\BOOKMARK [2][-]{subsection.6.1}{The Initial Models}{section.6}% 17
\BOOKMARK [2][-]{subsection.6.2}{Our Final Model}{section.6}% 18
\BOOKMARK [1][-]{section.7}{Causal Mediation}{}% 19
\BOOKMARK [2][-]{subsection.7.1}{A Brief Explanation of Causal Mediation}{section.7}% 20
\BOOKMARK [2][-]{subsection.7.2}{Causal Mediation Results}{section.7}% 21
\BOOKMARK [1][-]{section.8}{Robustness Checks}{}% 22
\BOOKMARK [2][-]{subsection.8.1}{Scaled Down}{section.8}% 23
\BOOKMARK [2][-]{subsection.8.2}{Extensions of the Model}{section.8}% 24
\BOOKMARK [1][-]{section.9}{Conclusion}{}% 25
